<?xml version="1.0" encoding="UTF-8"?>
<!-- Generated by org.testng.reporters.JUnitReportReporter -->
<testsuite skipped="0" hostname="EPCNSZXW0208" name="google.homepage.search.SearchTest" tests="1" failures="0" timestamp="08 Aug 2017 08:09:52 GMT" time="8.188" errors="0">
  <testcase name="testSearch" time="8.188" classname="google.homepage.search.SearchTest"/>
</testsuite> <!-- google.homepage.search.SearchTest -->
