<?xml version="1.0" encoding="UTF-8"?>
<!-- Generated by org.testng.reporters.JUnitReportReporter -->
<testsuite skipped="0" hostname="EPCNSZXW0208" name="google.homepage.search.SearchTest" tests="1" failures="0" timestamp="09 Aug 2017 07:06:25 GMT" time="8.673" errors="0">
  <testcase name="testSearch" time="8.673" classname="google.homepage.search.SearchTest"/>
</testsuite> <!-- google.homepage.search.SearchTest -->
